building file list ... 
 0 files...
 100 files...
 200 files...
 300 files...
 400 files...
 500 files...
 600 files...
 700 files...
 800 files...
 900 files...
 1000 files...
 1100 files...
 1200 files...
 1300 files...
 1400 files...
 1500 files...
 1600 files...
 1700 files...
 1800 files...
 1900 files...
 2000 files...
 2100 files...
 2200 files...
 2300 files...
 2400 files...
 2500 files...
 2600 files...
 2700 files...
 2800 files...
 2900 files...
 3000 files...
 3100 files...
 3200 files...
 3300 files...
 3400 files...
3419 files to consider
./
backup.log

         32.77K  63%    0.00kB/s    0:00:00  
         51.80K 100%   18.15MB/s    0:00:00 (xfr#1, to-chk=3412/3419)

sent 144.62K bytes  received 42 bytes  289.31K bytes/sec
total size is 1.66G  speedup is 11,485.57
building file list ... 
 0 files...
 100 files...
 200 files...
 300 files...
 400 files...
 500 files...
 600 files...
 700 files...
 800 files...
 900 files...
 1000 files...
 1100 files...
 1200 files...
 1300 files...
 1400 files...
 1500 files...
 1600 files...
 1700 files...
 1800 files...
 1900 files...
 2000 files...
 2100 files...
 2200 files...
 2300 files...
 2400 files...
 2500 files...
 2600 files...
 2700 files...
 2800 files...
 2900 files...
 3000 files...
 3100 files...
 3200 files...
 3300 files...
 3400 files...
3419 files to consider
./
backup.log

         32.77K  63%    0.00kB/s    0:00:00  
         51.80K 100%   18.15MB/s    0:00:00 (xfr#1, to-chk=3412/3419)

sent 154.31K bytes  received 9.74K bytes  109.37K bytes/sec
total size is 1.66G  speedup is 10,127.38
